<?xml version="1.0" encoding="UTF-8"?>
<!-- Generated by org.testng.reporters.JUnitReportReporter -->
<testsuite hostname="lenovo-PC" name="com.test.Jenkins.TestJnekins" tests="3" failures="0" timestamp="12 Jun 2020 22:44:41 GMT" time="0.037" errors="0">
  <testcase name="c" time="0.001" classname="com.test.Jenkins.TestJnekins"/>
  <testcase name="a" time="0.022" classname="com.test.Jenkins.TestJnekins"/>
  <testcase name="b" time="0.014" classname="com.test.Jenkins.TestJnekins"/>
</testsuite> <!-- com.test.Jenkins.TestJnekins -->
